0 info it worked if it ends with ok
1 verbose cli [ '/usr/local/bin/node', '/usr/local/bin/npm', 'start' ]
2 info using npm@3.8.1
3 info using node@v5.2.0
4 verbose run-script [ 'prestart', 'start', 'poststart' ]
5 info lifecycle kik-bot-starterkit@1.0.0~prestart: kik-bot-starterkit@1.0.0
6 silly lifecycle kik-bot-starterkit@1.0.0~prestart: no script for prestart, continuing
7 info lifecycle kik-bot-starterkit@1.0.0~start: kik-bot-starterkit@1.0.0
8 verbose lifecycle kik-bot-starterkit@1.0.0~start: unsafe-perm in lifecycle true
9 verbose lifecycle kik-bot-starterkit@1.0.0~start: PATH: /usr/local/lib/node_modules/npm/bin/node-gyp-bin:/Users/mrwhite/workspace/kik-bot-starterkit/node_modules/.bin:/usr/local/bin:/opt/local/bin:/opt/local/sbin:/usr/local/bin:/usr/bin:/bin:/usr/sbin:/sbin:/opt/X11/bin
10 verbose lifecycle kik-bot-starterkit@1.0.0~start: CWD: /Users/mrwhite/workspace/kik-bot-starterkit
11 silly lifecycle kik-bot-starterkit@1.0.0~start: Args: [ '-c', 'noddemon server.js' ]
12 info lifecycle kik-bot-starterkit@1.0.0~start: Failed to exec start script
13 verbose stack Error: kik-bot-starterkit@1.0.0 start: `noddemon server.js`
13 verbose stack spawn ENOENT
13 verbose stack     at ChildProcess.<anonymous> (/usr/local/lib/node_modules/npm/lib/utils/spawn.js:17:16)
13 verbose stack     at emitTwo (events.js:88:13)
13 verbose stack     at ChildProcess.emit (events.js:173:7)
13 verbose stack     at maybeClose (internal/child_process.js:819:16)
13 verbose stack     at Process.ChildProcess._handle.onexit (internal/child_process.js:212:5)
14 verbose pkgid kik-bot-starterkit@1.0.0
15 verbose cwd /Users/mrwhite/workspace/kik-bot-starterkit
16 error Darwin 15.3.0
17 error argv "/usr/local/bin/node" "/usr/local/bin/npm" "start"
18 error node v5.2.0
19 error npm  v3.8.1
20 error file sh
21 error code ELIFECYCLE
22 error errno ENOENT
23 error syscall spawn
24 error kik-bot-starterkit@1.0.0 start: `noddemon server.js`
24 error spawn ENOENT
25 error Failed at the kik-bot-starterkit@1.0.0 start script 'noddemon server.js'.
25 error Make sure you have the latest version of node.js and npm installed.
25 error If you do, this is most likely a problem with the kik-bot-starterkit package,
25 error not with npm itself.
25 error Tell the author that this fails on your system:
25 error     noddemon server.js
25 error You can get information on how to open an issue for this project with:
25 error     npm bugs kik-bot-starterkit
25 error Or if that isn't available, you can get their info via:
25 error     npm owner ls kik-bot-starterkit
25 error There is likely additional logging output above.
26 verbose exit [ 1, true ]
